f:\coding\chsrandt(2024-1031_0103)\chsrandt\chsrandt\x64\debug\vc143.pdb
f:\coding\chsrandt(2024-1031_0103)\chsrandt\chsrandt\x64\debug\vc143.idb
f:\coding\chsrandt(2024-1031_0103)\chsrandt\chsrandt\x64\debug\dllmain.obj
f:\coding\chsrandt(2024-1031_0103)\chsrandt\chsrandt\x64\debug\crandomtableencdec.obj
f:\coding\chsrandt(2024-1031_0103)\chsrandt\x64\debug\chsrandt.dll
f:\coding\chsrandt(2024-1031_0103)\chsrandt\x64\debug\chsrandt.pdb
f:\coding\chsrandt(2024-1031_0103)\chsrandt\chsrandt\x64\debug\chsrandt.res
f:\coding\chsrandt(2024-1031_0103)\chsrandt\x64\debug\chsrandt.lib
f:\coding\chsrandt(2024-1031_0103)\chsrandt\x64\debug\chsrandt.exp
f:\coding\chsrandt(2024-1031_0103)\chsrandt\chsrandt\x64\debug\chsrandt.ilk
f:\coding\chsrandt(2024-1031_0103)\chsrandt\chsrandt\x64\debug\chsrandt.tlog\cl.command.1.tlog
f:\coding\chsrandt(2024-1031_0103)\chsrandt\chsrandt\x64\debug\chsrandt.tlog\cl.items.tlog
f:\coding\chsrandt(2024-1031_0103)\chsrandt\chsrandt\x64\debug\chsrandt.tlog\cl.read.1.tlog
f:\coding\chsrandt(2024-1031_0103)\chsrandt\chsrandt\x64\debug\chsrandt.tlog\cl.write.1.tlog
f:\coding\chsrandt(2024-1031_0103)\chsrandt\chsrandt\x64\debug\chsrandt.tlog\link.command.1.tlog
f:\coding\chsrandt(2024-1031_0103)\chsrandt\chsrandt\x64\debug\chsrandt.tlog\link.read.1.tlog
f:\coding\chsrandt(2024-1031_0103)\chsrandt\chsrandt\x64\debug\chsrandt.tlog\link.secondary.1.tlog
f:\coding\chsrandt(2024-1031_0103)\chsrandt\chsrandt\x64\debug\chsrandt.tlog\link.write.1.tlog
f:\coding\chsrandt(2024-1031_0103)\chsrandt\chsrandt\x64\debug\chsrandt.tlog\rc.command.1.tlog
f:\coding\chsrandt(2024-1031_0103)\chsrandt\chsrandt\x64\debug\chsrandt.tlog\rc.read.1.tlog
f:\coding\chsrandt(2024-1031_0103)\chsrandt\chsrandt\x64\debug\chsrandt.tlog\rc.write.1.tlog
