  CHSRandTViewer.cpp
F:\Coding\CHSRandT(2024-1031_0103)\CHSRandT\CHSRandT\CRandomTableEncDec.h(141,13): warning C4251: 'CHSRandT_Library::CRandomTableEncDec::m_iListPassTable': 'std::list<int,std::allocator<int>>'에서는 'CHSRandT_Library::CRandomTableEncDec'의 클라이언트에서 DLL 인터페이스를 사용하도록 지정해야 함
  (소스 파일 'CHSRandTViewer.cpp'을(를) 컴파일하는 중)
      C:\Program Files\Microsoft Visual Studio\2022\Community\VC\Tools\MSVC\14.43.34808\include\list(759,7):
      'std::list<int,std::allocator<int>>' 선언을 참조하십시오.
  
F:\Coding\CHSRandT(2024-1031_0103)\CHSRandT\CHSRandT\CRandomTableEncDec.h(142,13): warning C4251: 'CHSRandT_Library::CRandomTableEncDec::m_iListPassTable2': 'std::list<int,std::allocator<int>>'에서는 'CHSRandT_Library::CRandomTableEncDec'의 클라이언트에서 DLL 인터페이스를 사용하도록 지정해야 함
  (소스 파일 'CHSRandTViewer.cpp'을(를) 컴파일하는 중)
      C:\Program Files\Microsoft Visual Studio\2022\Community\VC\Tools\MSVC\14.43.34808\include\list(759,7):
      'std::list<int,std::allocator<int>>' 선언을 참조하십시오.
  
F:\Coding\CHSRandT(2024-1031_0103)\CHSRandT\CHSRandT\CRandomTableEncDec.h(143,13): warning C4251: 'CHSRandT_Library::CRandomTableEncDec::m_iListPassTable3': 'std::list<int,std::allocator<int>>'에서는 'CHSRandT_Library::CRandomTableEncDec'의 클라이언트에서 DLL 인터페이스를 사용하도록 지정해야 함
  (소스 파일 'CHSRandTViewer.cpp'을(를) 컴파일하는 중)
      C:\Program Files\Microsoft Visual Studio\2022\Community\VC\Tools\MSVC\14.43.34808\include\list(759,7):
      'std::list<int,std::allocator<int>>' 선언을 참조하십시오.
  
F:\Coding\CHSRandT(2024-1031_0103)\CHSRandT\CHSRandT\CRandomTableEncDec.h(145,13): warning C4251: 'CHSRandT_Library::CRandomTableEncDec::m_iListTransEnc': 'std::list<int,std::allocator<int>>'에서는 'CHSRandT_Library::CRandomTableEncDec'의 클라이언트에서 DLL 인터페이스를 사용하도록 지정해야 함
  (소스 파일 'CHSRandTViewer.cpp'을(를) 컴파일하는 중)
      C:\Program Files\Microsoft Visual Studio\2022\Community\VC\Tools\MSVC\14.43.34808\include\list(759,7):
      'std::list<int,std::allocator<int>>' 선언을 참조하십시오.
  
F:\Coding\CHSRandT(2024-1031_0103)\CHSRandT\CHSRandT\CRandomTableEncDec.h(146,13): warning C4251: 'CHSRandT_Library::CRandomTableEncDec::m_iListTransEnc2': 'std::list<int,std::allocator<int>>'에서는 'CHSRandT_Library::CRandomTableEncDec'의 클라이언트에서 DLL 인터페이스를 사용하도록 지정해야 함
  (소스 파일 'CHSRandTViewer.cpp'을(를) 컴파일하는 중)
      C:\Program Files\Microsoft Visual Studio\2022\Community\VC\Tools\MSVC\14.43.34808\include\list(759,7):
      'std::list<int,std::allocator<int>>' 선언을 참조하십시오.
  
F:\Coding\CHSRandT(2024-1031_0103)\CHSRandT\CHSRandT\CRandomTableEncDec.h(147,13): warning C4251: 'CHSRandT_Library::CRandomTableEncDec::m_iListRestoreDec': 'std::list<int,std::allocator<int>>'에서는 'CHSRandT_Library::CRandomTableEncDec'의 클라이언트에서 DLL 인터페이스를 사용하도록 지정해야 함
  (소스 파일 'CHSRandTViewer.cpp'을(를) 컴파일하는 중)
      C:\Program Files\Microsoft Visual Studio\2022\Community\VC\Tools\MSVC\14.43.34808\include\list(759,7):
      'std::list<int,std::allocator<int>>' 선언을 참조하십시오.
  
F:\Coding\CHSRandT(2024-1031_0103)\CHSRandT\CHSRandT\CRandomTableEncDec.h(161,11): warning C4251: 'CHSRandT_Library::CRandomTableEncDec::m_strPath': 'std::basic_string<wchar_t,std::char_traits<wchar_t>,std::allocator<wchar_t>>'에서는 'CHSRandT_Library::CRandomTableEncDec'의 클라이언트에서 DLL 인터페이스를 사용하도록 지정해야 함
  (소스 파일 'CHSRandTViewer.cpp'을(를) 컴파일하는 중)
      C:\Program Files\Microsoft Visual Studio\2022\Community\VC\Tools\MSVC\14.43.34808\include\xstring(522,7):
      'std::basic_string<wchar_t,std::char_traits<wchar_t>,std::allocator<wchar_t>>' 선언을 참조하십시오.
  
F:\Coding\CHSRandT(2024-1031_0103)\CHSRandT\CHSRandT\CRandomTableEncDec.h(162,11): warning C4251: 'CHSRandT_Library::CRandomTableEncDec::m_strFileName': 'std::basic_string<wchar_t,std::char_traits<wchar_t>,std::allocator<wchar_t>>'에서는 'CHSRandT_Library::CRandomTableEncDec'의 클라이언트에서 DLL 인터페이스를 사용하도록 지정해야 함
  (소스 파일 'CHSRandTViewer.cpp'을(를) 컴파일하는 중)
      C:\Program Files\Microsoft Visual Studio\2022\Community\VC\Tools\MSVC\14.43.34808\include\xstring(522,7):
      'std::basic_string<wchar_t,std::char_traits<wchar_t>,std::allocator<wchar_t>>' 선언을 참조하십시오.
  
F:\Coding\CHSRandT(2024-1031_0103)\CHSRandT\CHSRandT\CRandomTableEncDec.h(168,17): warning C4251: 'CHSRandT_Library::CRandomTableEncDec::EXT_CRT': 'std::basic_string<wchar_t,std::char_traits<wchar_t>,std::allocator<wchar_t>>'에서는 'CHSRandT_Library::CRandomTableEncDec'의 클라이언트에서 DLL 인터페이스를 사용하도록 지정해야 함
  (소스 파일 'CHSRandTViewer.cpp'을(를) 컴파일하는 중)
      C:\Program Files\Microsoft Visual Studio\2022\Community\VC\Tools\MSVC\14.43.34808\include\xstring(522,7):
      'std::basic_string<wchar_t,std::char_traits<wchar_t>,std::allocator<wchar_t>>' 선언을 참조하십시오.
  
F:\Coding\CHSRandT(2024-1031_0103)\CHSRandT\CHSRandT\CRandomTableEncDec.h(169,17): warning C4251: 'CHSRandT_Library::CRandomTableEncDec::EXT_CHS': 'std::basic_string<wchar_t,std::char_traits<wchar_t>,std::allocator<wchar_t>>'에서는 'CHSRandT_Library::CRandomTableEncDec'의 클라이언트에서 DLL 인터페이스를 사용하도록 지정해야 함
  (소스 파일 'CHSRandTViewer.cpp'을(를) 컴파일하는 중)
      C:\Program Files\Microsoft Visual Studio\2022\Community\VC\Tools\MSVC\14.43.34808\include\xstring(522,7):
      'std::basic_string<wchar_t,std::char_traits<wchar_t>,std::allocator<wchar_t>>' 선언을 참조하십시오.
  
F:\Coding\CHSRandT(2024-1031_0103)\CHSRandT\CHSRandTViewer\CHSRandTViewer.cpp(252,32): warning C4244: '=': 'LRESULT'에서 'int'(으)로 변환하면서 데이터가 손실될 수 있습니다.
F:\Coding\CHSRandT(2024-1031_0103)\CHSRandT\CHSRandTViewer\CHSRandTViewer.cpp(380,54): warning C4267: '인수': 'size_t'에서 'int'(으)로 변환하면서 데이터가 손실될 수 있습니다.
F:\Coding\CHSRandT(2024-1031_0103)\CHSRandT\CHSRandTViewer\CHSRandTViewer.cpp(392,50): warning C4267: '인수': 'size_t'에서 'int'(으)로 변환하면서 데이터가 손실될 수 있습니다.
F:\Coding\CHSRandT(2024-1031_0103)\CHSRandT\CHSRandTViewer\CHSRandTViewer.cpp(397,46): warning C4267: '인수': 'size_t'에서 'int'(으)로 변환하면서 데이터가 손실될 수 있습니다.
F:\Coding\CHSRandT(2024-1031_0103)\CHSRandT\CHSRandTViewer\CHSRandTViewer.cpp(402,42): warning C4267: '인수': 'size_t'에서 'int'(으)로 변환하면서 데이터가 손실될 수 있습니다.
F:\Coding\CHSRandT(2024-1031_0103)\CHSRandT\CHSRandTViewer\CHSRandTViewer.cpp(407,50): warning C4267: '인수': 'size_t'에서 'int'(으)로 변환하면서 데이터가 손실될 수 있습니다.
F:\Coding\CHSRandT(2024-1031_0103)\CHSRandT\CHSRandTViewer\CHSRandTViewer.cpp(412,46): warning C4267: '인수': 'size_t'에서 'int'(으)로 변환하면서 데이터가 손실될 수 있습니다.
F:\Coding\CHSRandT(2024-1031_0103)\CHSRandT\CHSRandTViewer\CHSRandTViewer.cpp(419,50): warning C4267: '인수': 'size_t'에서 'int'(으)로 변환하면서 데이터가 손실될 수 있습니다.
F:\Coding\CHSRandT(2024-1031_0103)\CHSRandT\CHSRandTViewer\CHSRandTViewer.cpp(424,46): warning C4267: '인수': 'size_t'에서 'int'(으)로 변환하면서 데이터가 손실될 수 있습니다.
F:\Coding\CHSRandT(2024-1031_0103)\CHSRandT\CHSRandTViewer\CHSRandTViewer.cpp(429,50): warning C4267: '인수': 'size_t'에서 'int'(으)로 변환하면서 데이터가 손실될 수 있습니다.
F:\Coding\CHSRandT(2024-1031_0103)\CHSRandT\CHSRandTViewer\CHSRandTViewer.cpp(435,46): warning C4267: '인수': 'size_t'에서 'int'(으)로 변환하면서 데이터가 손실될 수 있습니다.
F:\Coding\CHSRandT(2024-1031_0103)\CHSRandT\CHSRandTViewer\CHSRandTViewer.cpp(445,50): warning C4267: '인수': 'size_t'에서 'int'(으)로 변환하면서 데이터가 손실될 수 있습니다.
F:\Coding\CHSRandT(2024-1031_0103)\CHSRandT\CHSRandTViewer\CHSRandTViewer.cpp(451,46): warning C4267: '인수': 'size_t'에서 'int'(으)로 변환하면서 데이터가 손실될 수 있습니다.
F:\Coding\CHSRandT(2024-1031_0103)\CHSRandT\CHSRandTViewer\CHSRandTViewer.cpp(461,50): warning C4267: '인수': 'size_t'에서 'int'(으)로 변환하면서 데이터가 손실될 수 있습니다.
F:\Coding\CHSRandT(2024-1031_0103)\CHSRandT\CHSRandTViewer\CHSRandTViewer.cpp(466,71): warning C4267: '인수': 'size_t'에서 'int'(으)로 변환하면서 데이터가 손실될 수 있습니다.
F:\Coding\CHSRandT(2024-1031_0103)\CHSRandT\CHSRandTViewer\CHSRandTViewer.cpp(469,50): warning C4267: '인수': 'size_t'에서 'int'(으)로 변환하면서 데이터가 손실될 수 있습니다.
F:\Coding\CHSRandT(2024-1031_0103)\CHSRandT\CHSRandTViewer\CHSRandTViewer.cpp(474,46): warning C4267: '인수': 'size_t'에서 'int'(으)로 변환하면서 데이터가 손실될 수 있습니다.
F:\Coding\CHSRandT(2024-1031_0103)\CHSRandT\CHSRandTViewer\CHSRandTViewer.cpp(181,10): warning C4101: 'bRetVal' :참조되지 않은 지역 변수입니다.
  코드를 생성하고 있습니다.
  Previous IPDB not found, fall back to full compilation.
  All 157 functions were compiled because no usable IPDB/IOBJ from previous compilation was found.
  코드를 생성했습니다.
  CHSRandTViewer.vcxproj -> F:\Coding\CHSRandT(2024-1031_0103)\CHSRandT\x64\Release\CHSRandTViewer.exe
